<?xml version="1.0" encoding="UTF-8"?>
<testng-results ignored="0" total="1" passed="1" failed="0" skipped="0">
  <reporter-output>
  </reporter-output>
  <suite started-at="2026-01-15T13:19:18 GMT-05:00" name="Stripe API Suite" finished-at="2026-01-15T13:19:22 GMT-05:00" duration-ms="3779">
    <groups>
      <group name="cucumber">
        <method signature="AbstractTestNGCucumberTests.runScenario(io.cucumber.testng.PickleWrapper,io.cucumber.testng.FeatureWrapper)[pri:0, instance:cucumberOptions.TestRunner@6eda5c9]" name="runScenario" class="io.cucumber.testng.AbstractTestNGCucumberTests"/>
      </group> <!-- cucumber -->
    </groups>
    <test started-at="2026-01-15T13:19:18 GMT-05:00" name="Customer Tests" finished-at="2026-01-15T13:19:22 GMT-05:00" duration-ms="3779">
      <class name="cucumberOptions.TestRunner">
        <test-method is-config="true" signature="setUpClass(org.testng.ITestContext)[pri:0, instance:cucumberOptions.TestRunner@6eda5c9]" started-at="2026-01-15T13:19:18 GMT-05:00" name="setUpClass" finished-at="2026-01-15T13:19:18 GMT-05:00" duration-ms="563" status="PASS">
          <params>
            <param index="0">
              <value>
                <![CDATA[org.testng.TestRunner@53982523]]>
              </value>
            </param>
          </params>
          <reporter-output>
          </reporter-output>
        </test-method> <!-- setUpClass -->
        <test-method signature="runScenario(io.cucumber.testng.PickleWrapper,io.cucumber.testng.FeatureWrapper)[pri:0, instance:cucumberOptions.TestRunner@6eda5c9]" started-at="2026-01-15T13:19:19 GMT-05:00" name="runScenario" description="Runs Cucumber Scenarios" data-provider="scenarios" finished-at="2026-01-15T13:19:22 GMT-05:00" duration-ms="3116" status="PASS">
          <params>
            <param index="0">
              <value>
                <![CDATA["Successfully retrieve the configured customer"]]>
              </value>
            </param>
            <param index="1">
              <value>
                <![CDATA["Stripe Customer API Management"]]>
              </value>
            </param>
          </params>
          <reporter-output>
          </reporter-output>
        </test-method> <!-- runScenario -->
        <test-method is-config="true" signature="tearDownClass()[pri:0, instance:cucumberOptions.TestRunner@6eda5c9]" started-at="2026-01-15T13:19:22 GMT-05:00" name="tearDownClass" finished-at="2026-01-15T13:19:22 GMT-05:00" duration-ms="58" status="PASS">
          <reporter-output>
          </reporter-output>
        </test-method> <!-- tearDownClass -->
      </class> <!-- cucumberOptions.TestRunner -->
    </test> <!-- Customer Tests -->
  </suite> <!-- Stripe API Suite -->
</testng-results>
